# JRE version: Java(TM) SE Runtime Environment (7.0_67-b01) (build 1.7.0_67-b01)
# Java VM: Java HotSpot(TM) 64-Bit Server VM (24.65-b04 mixed mode linux-amd64 compressed oops)
Heap
 PSYoungGen      total 896512K, used 896512K [0x00000007adf00000, 0x0000000800000000, 0x0000000800000000)
  eden space 448512K, 100% used [0x00000007adf00000,0x00000007c9500000,0x00000007c9500000)
  from space 448000K, 100% used [0x00000007e4a80000,0x0000000800000000,0x0000000800000000)
  to   space 448000K, 100% used [0x00000007c9500000,0x00000007e4a80000,0x00000007e4a80000)
 ParOldGen       total 2688000K, used 2687993K [0x0000000709e00000, 0x00000007adf00000, 0x00000007adf00000)
  object space 2688000K, 99% used [0x0000000709e00000,0x00000007adefe4f0,0x00000007adf00000)
 PSPermGen       total 21504K, used 8891K [0x0000000704c00000, 0x0000000706100000, 0x0000000709e00000)
  object space 21504K, 41% used [0x0000000704c00000,0x00000007054aef28,0x0000000706100000)
GC Heap History (10 events):
Event: 26.608 GC heap after
Heap after GC invocations=17 (full 5):
 PSYoungGen      total 896512K, used 355712K [0x00000007adf00000, 0x0000000800000000, 0x0000000800000000)
  eden space 448512K, 0% used [0x00000007adf00000,0x00000007adf00000,0x00000007c9500000)
  from space 448000K, 79% used [0x00000007e4a80000,0x00000007fa5e0000,0x0000000800000000)
  to   space 448000K, 0% used [0x00000007c9500000,0x00000007c9500000,0x00000007e4a80000)
 ParOldGen       total 2226176K, used 1640109K [0x0000000709e00000, 0x0000000791c00000, 0x00000007adf00000)
  object space 2226176K, 73% used [0x0000000709e00000,0x000000076dfab490,0x0000000791c00000)
 PSPermGen       total 21504K, used 8891K [0x0000000704c00000, 0x0000000706100000, 0x0000000709e00000)
  object space 21504K, 41% used [0x0000000704c00000,0x00000007054aef28,0x0000000706100000)
}
Event: 26.744 GC heap before
{Heap before GC invocations=18 (full 5):
 PSYoungGen      total 896512K, used 804224K [0x00000007adf00000, 0x0000000800000000, 0x0000000800000000)
  eden space 448512K, 100% used [0x00000007adf00000,0x00000007c9500000,0x00000007c9500000)
  from space 448000K, 79% used [0x00000007e4a80000,0x00000007fa5e0000,0x0000000800000000)
  to   space 448000K, 0% used [0x00000007c9500000,0x00000007c9500000,0x00000007e4a80000)
 ParOldGen       total 2226176K, used 1640109K [0x0000000709e00000, 0x0000000791c00000, 0x00000007adf00000)
  object space 2226176K, 73% used [0x0000000709e00000,0x000000076dfab490,0x0000000791c00000)
 PSPermGen       total 21504K, used 8891K [0x0000000704c00000, 0x0000000706100000, 0x0000000709e00000)
  object space 21504K, 41% used [0x0000000704c00000,0x00000007054aef28,0x0000000706100000)
Event: 28.089 GC heap after
Heap after GC invocations=18 (full 5):
 PSYoungGen      total 896512K, used 448000K [0x00000007adf00000, 0x0000000800000000, 0x0000000800000000)
  eden space 448512K, 0% used [0x00000007adf00000,0x00000007adf00000,0x00000007c9500000)
  from space 448000K, 100% used [0x00000007c9500000,0x00000007e4a80000,0x00000007e4a80000)
  to   space 448000K, 0% used [0x00000007e4a80000,0x00000007e4a80000,0x0000000800000000)
 ParOldGen       total 2226176K, used 1997797K [0x0000000709e00000, 0x0000000791c00000, 0x00000007adf00000)
  object space 2226176K, 89% used [0x0000000709e00000,0x0000000783cf9490,0x0000000791c00000)
 PSPermGen       total 21504K, used 8891K [0x0000000704c00000, 0x0000000706100000, 0x0000000709e00000)
  object space 21504K, 41% used [0x0000000704c00000,0x00000007054aef28,0x0000000706100000)
}
Event: 28.089 GC heap before
{Heap before GC invocations=19 (full 6):
 PSYoungGen      total 896512K, used 448000K [0x00000007adf00000, 0x0000000800000000, 0x0000000800000000)
  eden space 448512K, 0% used [0x00000007adf00000,0x00000007adf00000,0x00000007c9500000)
  from space 448000K, 100% used [0x00000007c9500000,0x00000007e4a80000,0x00000007e4a80000)
  to   space 448000K, 0% used [0x00000007e4a80000,0x00000007e4a80000,0x0000000800000000)
 ParOldGen       total 2226176K, used 1997797K [0x0000000709e00000, 0x0000000791c00000, 0x00000007adf00000)
  object space 2226176K, 89% used [0x0000000709e00000,0x0000000783cf9490,0x0000000791c00000)
 PSPermGen       total 21504K, used 8891K [0x0000000704c00000, 0x0000000706100000, 0x0000000709e00000)
  object space 21504K, 41% used [0x0000000704c00000,0x00000007054aef28,0x0000000706100000)
Event: 38.094 GC heap after
Heap after GC invocations=19 (full 6):
 PSYoungGen      total 896512K, used 45012K [0x00000007adf00000, 0x0000000800000000, 0x0000000800000000)
  eden space 448512K, 0% used [0x00000007adf00000,0x00000007adf00000,0x00000007c9500000)
  from space 448000K, 10% used [0x00000007c9500000,0x00000007cc0f5000,0x00000007e4a80000)
  to   space 448000K, 0% used [0x00000007e4a80000,0x00000007e4a80000,0x0000000800000000)
 ParOldGen       total 2688000K, used 2225961K [0x0000000709e00000, 0x00000007adf00000, 0x00000007adf00000)
  object space 2688000K, 82% used [0x0000000709e00000,0x0000000791bca4f0,0x00000007adf00000)
 PSPermGen       total 21504K, used 8891K [0x0000000704c00000, 0x0000000706100000, 0x0000000709e00000)
  object space 21504K, 41% used [0x0000000704c00000,0x00000007054aef28,0x0000000706100000)
}
Event: 38.249 GC heap before
{Heap before GC invocations=20 (full 6):
 PSYoungGen      total 896512K, used 493524K [0x00000007adf00000, 0x0000000800000000, 0x0000000800000000)
  eden space 448512K, 100% used [0x00000007adf00000,0x00000007c9500000,0x00000007c9500000)
  from space 448000K, 10% used [0x00000007c9500000,0x00000007cc0f5000,0x00000007e4a80000)
  to   space 448000K, 0% used [0x00000007e4a80000,0x00000007e4a80000,0x0000000800000000)
 ParOldGen       total 2688000K, used 2225961K [0x0000000709e00000, 0x00000007adf00000, 0x00000007adf00000)
  object space 2688000K, 82% used [0x0000000709e00000,0x0000000791bca4f0,0x00000007adf00000)
 PSPermGen       total 21504K, used 8891K [0x0000000704c00000, 0x0000000706100000, 0x0000000709e00000)
  object space 21504K, 41% used [0x0000000704c00000,0x00000007054aef28,0x0000000706100000)
Event: 39.478 GC heap after
Heap after GC invocations=20 (full 6):
 PSYoungGen      total 896512K, used 448000K [0x00000007adf00000, 0x0000000800000000, 0x0000000800000000)
  eden space 448512K, 0% used [0x00000007adf00000,0x00000007adf00000,0x00000007c9500000)
  from space 448000K, 100% used [0x00000007e4a80000,0x0000000800000000,0x0000000800000000)
  to   space 448000K, 0% used [0x00000007c9500000,0x00000007c9500000,0x00000007e4a80000)
 ParOldGen       total 2688000K, used 2272113K [0x0000000709e00000, 0x00000007adf00000, 0x00000007adf00000)
  object space 2688000K, 84% used [0x0000000709e00000,0x00000007948dc4f0,0x00000007adf00000)
 PSPermGen       total 21504K, used 8891K [0x0000000704c00000, 0x0000000706100000, 0x0000000709e00000)
  object space 21504K, 41% used [0x0000000704c00000,0x00000007054aef28,0x0000000706100000)
}
Event: 39.615 GC heap before
{Heap before GC invocations=21 (full 6):
 PSYoungGen      total 896512K, used 896512K [0x00000007adf00000, 0x0000000800000000, 0x0000000800000000)
  eden space 448512K, 100% used [0x00000007adf00000,0x00000007c9500000,0x00000007c9500000)
  from space 448000K, 100% used [0x00000007e4a80000,0x0000000800000000,0x0000000800000000)
  to   space 448000K, 0% used [0x00000007c9500000,0x00000007c9500000,0x00000007e4a80000)
 ParOldGen       total 2688000K, used 2272113K [0x0000000709e00000, 0x00000007adf00000, 0x00000007adf00000)
  object space 2688000K, 84% used [0x0000000709e00000,0x00000007948dc4f0,0x00000007adf00000)
 PSPermGen       total 21504K, used 8891K [0x0000000704c00000, 0x0000000706100000, 0x0000000709e00000)
  object space 21504K, 41% used [0x0000000704c00000,0x00000007054aef28,0x0000000706100000)
Event: 41.333 GC heap after
Heap after GC invocations=21 (full 6):
 PSYoungGen      total 896512K, used 896512K [0x00000007adf00000, 0x0000000800000000, 0x0000000800000000)
  eden space 448512K, 100% used [0x00000007adf00000,0x00000007c9500000,0x00000007c9500000)
  from space 448000K, 100% used [0x00000007e4a80000,0x0000000800000000,0x0000000800000000)
  to   space 448000K, 100% used [0x00000007c9500000,0x00000007e4a80000,0x00000007e4a80000)
 ParOldGen       total 2688000K, used 2687993K [0x0000000709e00000, 0x00000007adf00000, 0x00000007adf00000)
  object space 2688000K, 99% used [0x0000000709e00000,0x00000007adefe4f0,0x00000007adf00000)
 PSPermGen       total 21504K, used 8891K [0x0000000704c00000, 0x0000000706100000, 0x0000000709e00000)
  object space 21504K, 41% used [0x0000000704c00000,0x00000007054aef28,0x0000000706100000)
}
Event: 41.333 GC heap before
{Heap before GC invocations=22 (full 7):
 PSYoungGen      total 896512K, used 896512K [0x00000007adf00000, 0x0000000800000000, 0x0000000800000000)
  eden space 448512K, 100% used [0x00000007adf00000,0x00000007c9500000,0x00000007c9500000)
  from space 448000K, 100% used [0x00000007e4a80000,0x0000000800000000,0x0000000800000000)
  to   space 448000K, 100% used [0x00000007c9500000,0x00000007e4a80000,0x00000007e4a80000)
 ParOldGen       total 2688000K, used 2687993K [0x0000000709e00000, 0x00000007adf00000, 0x00000007adf00000)
  object space 2688000K, 99% used [0x0000000709e00000,0x00000007adefe4f0,0x00000007adf00000)
 PSPermGen       total 21504K, used 8891K [0x0000000704c00000, 0x0000000706100000, 0x0000000709e00000)
  object space 21504K, 41% used [0x0000000704c00000,0x00000007054aef28,0x0000000706100000)

