# JRE version: Java(TM) SE Runtime Environment (7.0_67-b01) (build 1.7.0_67-b01)
# Java VM: Java HotSpot(TM) 64-Bit Server VM (24.65-b04 mixed mode linux-amd64 compressed oops)
Heap
 PSYoungGen      total 659968K, used 578304K [0x00000007adf00000, 0x00000007e8400000, 0x0000000800000000)
  eden space 392192K, 100% used [0x00000007adf00000,0x00000007c5e00000,0x00000007c5e00000)
  from space 267776K, 69% used [0x00000007d7e80000,0x00000007e3440000,0x00000007e8400000)
  to   space 281600K, 100% used [0x00000007c5e00000,0x00000007d7100000,0x00000007d7100000)
 ParOldGen       total 933888K, used 592250K [0x0000000709e00000, 0x0000000742e00000, 0x00000007adf00000)
  object space 933888K, 63% used [0x0000000709e00000,0x000000072e05ebd0,0x0000000742e00000)
 PSPermGen       total 21504K, used 8891K [0x0000000704c00000, 0x0000000706100000, 0x0000000709e00000)
  object space 21504K, 41% used [0x0000000704c00000,0x00000007054aeff0,0x0000000706100000)
GC Heap History (10 events):
Event: 5.479 GC heap after
Heap after GC invocations=7 (full 2):
 PSYoungGen      total 264192K, used 7672K [0x00000007adf00000, 0x00000007d1900000, 0x0000000800000000)
  eden space 253952K, 0% used [0x00000007adf00000,0x00000007adf00000,0x00000007bd700000)
  from space 10240K, 74% used [0x00000007bd700000,0x00000007bde7e200,0x00000007be100000)
  to   space 138752K, 0% used [0x00000007c9180000,0x00000007c9180000,0x00000007d1900000)
 ParOldGen       total 577536K, used 301824K [0x0000000709e00000, 0x000000072d200000, 0x00000007adf00000)
  object space 577536K, 52% used [0x0000000709e00000,0x000000071c4c01d8,0x000000072d200000)
 PSPermGen       total 21504K, used 8891K [0x0000000704c00000, 0x0000000706100000, 0x0000000709e00000)
  object space 21504K, 41% used [0x0000000704c00000,0x00000007054aeff0,0x0000000706100000)
}
Event: 5.560 GC heap before
{Heap before GC invocations=8 (full 2):
 PSYoungGen      total 264192K, used 261624K [0x00000007adf00000, 0x00000007d1900000, 0x0000000800000000)
  eden space 253952K, 100% used [0x00000007adf00000,0x00000007bd700000,0x00000007bd700000)
  from space 10240K, 74% used [0x00000007bd700000,0x00000007bde7e200,0x00000007be100000)
  to   space 138752K, 0% used [0x00000007c9180000,0x00000007c9180000,0x00000007d1900000)
 ParOldGen       total 577536K, used 301824K [0x0000000709e00000, 0x000000072d200000, 0x00000007adf00000)
  object space 577536K, 52% used [0x0000000709e00000,0x000000071c4c01d8,0x000000072d200000)
 PSPermGen       total 21504K, used 8891K [0x0000000704c00000, 0x0000000706100000, 0x0000000709e00000)
  object space 21504K, 41% used [0x0000000704c00000,0x00000007054aeff0,0x0000000706100000)
Event: 5.968 GC heap after
Heap after GC invocations=8 (full 2):
 PSYoungGen      total 408576K, used 138752K [0x00000007adf00000, 0x00000007d9d80000, 0x0000000800000000)
  eden space 269824K, 0% used [0x00000007adf00000,0x00000007adf00000,0x00000007be680000)
  from space 138752K, 100% used [0x00000007c9180000,0x00000007d1900000,0x00000007d1900000)
  to   space 175104K, 0% used [0x00000007be680000,0x00000007be680000,0x00000007c9180000)
 ParOldGen       total 577536K, used 316072K [0x0000000709e00000, 0x000000072d200000, 0x00000007adf00000)
  object space 577536K, 54% used [0x0000000709e00000,0x000000071d2aa1d8,0x000000072d200000)
 PSPermGen       total 21504K, used 8891K [0x0000000704c00000, 0x0000000706100000, 0x0000000709e00000)
  object space 21504K, 41% used [0x0000000704c00000,0x00000007054aeff0,0x0000000706100000)
}
Event: 6.047 GC heap before
{Heap before GC invocations=9 (full 2):
 PSYoungGen      total 408576K, used 408576K [0x00000007adf00000, 0x00000007d9d80000, 0x0000000800000000)
  eden space 269824K, 100% used [0x00000007adf00000,0x00000007be680000,0x00000007be680000)
  from space 138752K, 100% used [0x00000007c9180000,0x00000007d1900000,0x00000007d1900000)
  to   space 175104K, 0% used [0x00000007be680000,0x00000007be680000,0x00000007c9180000)
 ParOldGen       total 577536K, used 316072K [0x0000000709e00000, 0x000000072d200000, 0x00000007adf00000)
  object space 577536K, 54% used [0x0000000709e00000,0x000000071d2aa1d8,0x000000072d200000)
 PSPermGen       total 21504K, used 8891K [0x0000000704c00000, 0x0000000706100000, 0x0000000709e00000)
  object space 21504K, 41% used [0x0000000704c00000,0x00000007054aeff0,0x0000000706100000)
Event: 6.510 GC heap after
Heap after GC invocations=9 (full 2):
 PSYoungGen      total 444928K, used 175104K [0x00000007adf00000, 0x00000007e8480000, 0x0000000800000000)
  eden space 269824K, 0% used [0x00000007adf00000,0x00000007adf00000,0x00000007be680000)
  from space 175104K, 100% used [0x00000007be680000,0x00000007c9180000,0x00000007c9180000)
  to   space 268288K, 0% used [0x00000007d7e80000,0x00000007d7e80000,0x00000007e8480000)
 ParOldGen       total 577536K, used 434424K [0x0000000709e00000, 0x000000072d200000, 0x00000007adf00000)
  object space 577536K, 75% used [0x0000000709e00000,0x000000072463e1d8,0x000000072d200000)
 PSPermGen       total 21504K, used 8891K [0x0000000704c00000, 0x0000000706100000, 0x0000000709e00000)
  object space 21504K, 41% used [0x0000000704c00000,0x00000007054aeff0,0x0000000706100000)
}
Event: 6.510 GC heap before
{Heap before GC invocations=10 (full 3):
 PSYoungGen      total 444928K, used 175104K [0x00000007adf00000, 0x00000007e8480000, 0x0000000800000000)
  eden space 269824K, 0% used [0x00000007adf00000,0x00000007adf00000,0x00000007be680000)
  from space 175104K, 100% used [0x00000007be680000,0x00000007c9180000,0x00000007c9180000)
  to   space 268288K, 0% used [0x00000007d7e80000,0x00000007d7e80000,0x00000007e8480000)
 ParOldGen       total 577536K, used 434424K [0x0000000709e00000, 0x000000072d200000, 0x00000007adf00000)
  object space 577536K, 75% used [0x0000000709e00000,0x000000072463e1d8,0x000000072d200000)
 PSPermGen       total 21504K, used 8891K [0x0000000704c00000, 0x0000000706100000, 0x0000000709e00000)
  object space 21504K, 41% used [0x0000000704c00000,0x00000007054aeff0,0x0000000706100000)
Event: 9.608 GC heap after
Heap after GC invocations=10 (full 3):
 PSYoungGen      total 444928K, used 31713K [0x00000007adf00000, 0x00000007e8480000, 0x0000000800000000)
  eden space 269824K, 0% used [0x00000007adf00000,0x00000007adf00000,0x00000007be680000)
  from space 175104K, 18% used [0x00000007be680000,0x00000007c0578400,0x00000007c9180000)
  to   space 268288K, 0% used [0x00000007d7e80000,0x00000007d7e80000,0x00000007e8480000)
 ParOldGen       total 933888K, used 577082K [0x0000000709e00000, 0x0000000742e00000, 0x00000007adf00000)
  object space 933888K, 61% used [0x0000000709e00000,0x000000072d18ebd0,0x0000000742e00000)
 PSPermGen       total 21504K, used 8891K [0x0000000704c00000, 0x0000000706100000, 0x0000000709e00000)
  object space 21504K, 41% used [0x0000000704c00000,0x00000007054aeff0,0x0000000706100000)
}
Event: 9.686 GC heap before
{Heap before GC invocations=11 (full 3):
 PSYoungGen      total 444928K, used 301537K [0x00000007adf00000, 0x00000007e8480000, 0x0000000800000000)
  eden space 269824K, 100% used [0x00000007adf00000,0x00000007be680000,0x00000007be680000)
  from space 175104K, 18% used [0x00000007be680000,0x00000007c0578400,0x00000007c9180000)
  to   space 268288K, 0% used [0x00000007d7e80000,0x00000007d7e80000,0x00000007e8480000)
 ParOldGen       total 933888K, used 577082K [0x0000000709e00000, 0x0000000742e00000, 0x00000007adf00000)
  object space 933888K, 61% used [0x0000000709e00000,0x000000072d18ebd0,0x0000000742e00000)
 PSPermGen       total 21504K, used 8891K [0x0000000704c00000, 0x0000000706100000, 0x0000000709e00000)
  object space 21504K, 41% used [0x0000000704c00000,0x00000007054aeff0,0x0000000706100000)
Event: 10.249 GC heap after
Heap after GC invocations=11 (full 3):
 PSYoungGen      total 659968K, used 186112K [0x00000007adf00000, 0x00000007e8400000, 0x0000000800000000)
  eden space 392192K, 0% used [0x00000007adf00000,0x00000007adf00000,0x00000007c5e00000)
  from space 267776K, 69% used [0x00000007d7e80000,0x00000007e3440000,0x00000007e8400000)
  to   space 281600K, 0% used [0x00000007c5e00000,0x00000007c5e00000,0x00000007d7100000)
 ParOldGen       total 933888K, used 577082K [0x0000000709e00000, 0x0000000742e00000, 0x00000007adf00000)
  object space 933888K, 61% used [0x0000000709e00000,0x000000072d18ebd0,0x0000000742e00000)
 PSPermGen       total 21504K, used 8891K [0x0000000704c00000, 0x0000000706100000, 0x0000000709e00000)
  object space 21504K, 41% used [0x0000000704c00000,0x00000007054aeff0,0x0000000706100000)
}
Event: 10.362 GC heap before
{Heap before GC invocations=12 (full 3):
 PSYoungGen      total 659968K, used 578304K [0x00000007adf00000, 0x00000007e8400000, 0x0000000800000000)
  eden space 392192K, 100% used [0x00000007adf00000,0x00000007c5e00000,0x00000007c5e00000)
  from space 267776K, 69% used [0x00000007d7e80000,0x00000007e3440000,0x00000007e8400000)
  to   space 281600K, 0% used [0x00000007c5e00000,0x00000007c5e00000,0x00000007d7100000)
 ParOldGen       total 933888K, used 577082K [0x0000000709e00000, 0x0000000742e00000, 0x00000007adf00000)
  object space 933888K, 61% used [0x0000000709e00000,0x000000072d18ebd0,0x0000000742e00000)
 PSPermGen       total 21504K, used 8891K [0x0000000704c00000, 0x0000000706100000, 0x0000000709e00000)
  object space 21504K, 41% used [0x0000000704c00000,0x00000007054aeff0,0x0000000706100000)

